<?xml version="1.0" encoding="UTF-8"?>
<!-- Generated by org.testng.reporters.JUnitXMLReporter -->
<testsuite hostname="IMRAN-PC" ignored="0" name="LoginModuleTest" tests="2" failures="0" timestamp="2022-04-07T22:38:48 BDT" time="23.002" errors="0">
  <testcase name="CheckLoginPageTitle" time="14.171" classname="com.bitm.SeleniumOnlineProject2.Test.LoginTest"/>
  <testcase name="Logintest" time="6.657" classname="com.bitm.SeleniumOnlineProject2.Test.LoginTest"/>
</testsuite> <!-- LoginModuleTest -->
