<?xml version="1.0" encoding="UTF-8"?>
<!-- Generated by org.testng.reporters.JUnitXMLReporter -->
<testsuite hostname="IMRAN-PC" ignored="0" name="LoginModuleTest" tests="2" failures="0" timestamp="2022-04-07T22:57:19 BDT" time="23.468" errors="0">
  <testcase name="CheckLoginPageTitle" time="14.615" classname="com.bitm.SeleniumOnlineProject2.Test.LoginTest"/>
  <testcase name="Logintest" time="6.948" classname="com.bitm.SeleniumOnlineProject2.Test.LoginTest"/>
</testsuite> <!-- LoginModuleTest -->
