<?xml version="1.0" encoding="UTF-8"?>
<testng-results skipped="0" failed="1" ignored="0" total="4" passed="3">
  <reporter-output>
  </reporter-output>
  <suite name="SeleniumOnlineProject2" duration-ms="25299" started-at="2022-04-07T22:38:25 BDT" finished-at="2022-04-07T22:38:51 BDT">
    <groups>
    </groups>
    <test name="LoginModuleTest" duration-ms="23002" started-at="2022-04-07T22:38:25 BDT" finished-at="2022-04-07T22:38:48 BDT">
      <class name="com.bitm.SeleniumOnlineProject2.Test.LoginTest">
        <test-method status="PASS" signature="CheckLoginPageTitle()[pri:0, instance:com.bitm.SeleniumOnlineProject2.Test.LoginTest@130f889]" name="CheckLoginPageTitle" duration-ms="14171" started-at="2022-04-07T22:38:25 BDT" finished-at="2022-04-07T22:38:40 BDT">
          <reporter-output>
          </reporter-output>
        </test-method> <!-- CheckLoginPageTitle -->
        <test-method status="PASS" signature="Logintest(java.util.List)[pri:0, instance:com.bitm.SeleniumOnlineProject2.Test.LoginTest@130f889]" name="Logintest" duration-ms="6657" started-at="2022-04-07T22:38:42 BDT" data-provider="loginData" depends-on-methods="com.bitm.SeleniumOnlineProject2.Test.LoginTest.CheckLoginPageTitle" finished-at="2022-04-07T22:38:48 BDT">
          <params>
            <param index="0">
              <value>
                <![CDATA[[LoginDTO [username=tutorial, password=tutorial], LoginDTO [username=Admin, password=admin123]]]]>
              </value>
            </param>
          </params>
          <reporter-output>
          </reporter-output>
        </test-method> <!-- Logintest -->
      </class> <!-- com.bitm.SeleniumOnlineProject2.Test.LoginTest -->
    </test> <!-- LoginModuleTest -->
    <test name="AssignLeaveModuleTest" duration-ms="2155" started-at="2022-04-07T22:38:48 BDT" finished-at="2022-04-07T22:38:51 BDT">
      <class name="com.bitm.SeleniumOnlineProject2.Test.AssignLeaveTest">
        <test-method status="PASS" signature="AssignLeavePage()[pri:0, instance:com.bitm.SeleniumOnlineProject2.Test.AssignLeaveTest@23bb8443]" name="AssignLeavePage" duration-ms="1687" started-at="2022-04-07T22:38:48 BDT" finished-at="2022-04-07T22:38:50 BDT">
          <reporter-output>
          </reporter-output>
        </test-method> <!-- AssignLeavePage -->
        <test-method status="FAIL" signature="assignleavetest(java.util.List)[pri:0, instance:com.bitm.SeleniumOnlineProject2.Test.AssignLeaveTest@23bb8443]" name="assignleavetest" duration-ms="45" started-at="2022-04-07T22:38:50 BDT" data-provider="assignleaveData" depends-on-methods="com.bitm.SeleniumOnlineProject2.Test.AssignLeaveTest.AssignLeavePage" finished-at="2022-04-07T22:38:50 BDT">
          <params>
            <param index="0">
              <value>
                <![CDATA[[AssignLeaveDTO [employeename=Cassidy Hope, leavetype=US - FMLA, fromdatemonth=Dec, fromdateyear=2020, fromdatedate=14, todatemonth=Dec, todateyear=2020, todatedate=19, comment=This is a test]]]]>
              </value>
            </param>
          </params>
          <exception class="org.openqa.selenium.NoSuchElementException">
            <message>
              <![CDATA[Unable to locate element: /html/body/div[1]/div[3]/div[1]/div[2]/form/fieldset/ol/li[1]/input[1]
For documentation on this error, please visit: https://www.seleniumhq.org/exceptions/no_such_element.html
Build info: version: '3.141.59', revision: 'e82be7d358', time: '2018-11-14T08:17:03'
System info: host: 'IMRAN-PC', ip: '192.168.0.131', os.name: 'Windows 8.1', os.arch: 'amd64', os.version: '6.3', java.version: '1.8.0_45'
Driver info: org.openqa.selenium.firefox.FirefoxDriver
Capabilities {acceptInsecureCerts: true, browserName: firefox, browserVersion: 99.0, javascriptEnabled: true, moz:accessibilityChecks: false, moz:buildID: 20220330194208, moz:geckodriverVersion: 0.27.0, moz:headless: false, moz:processID: 23344, moz:profile: C:\Users\Imran\AppData\Loca..., moz:shutdownTimeout: 60000, moz:useNonSpecCompliantPointerOrigin: false, moz:webdriverClick: true, pageLoadStrategy: normal, platform: WINDOWS, platformName: WINDOWS, platformVersion: 10.0, proxy: Proxy(), setWindowRect: true, strictFileInteractability: false, timeouts: {implicit: 0, pageLoad: 300000, script: 30000}, unhandledPromptBehavior: dismiss and notify}
Session ID: 62ad866f-cd8f-4504-bb99-8214fa07dedf
*** Element info: {Using=xpath, value=/html/body/div[1]/div[3]/div[1]/div[2]/form/fieldset/ol/li[1]/input[1]}]]>
            </message>
            <full-stacktrace>
              <![CDATA[org.openqa.selenium.NoSuchElementException: Unable to locate element: /html/body/div[1]/div[3]/div[1]/div[2]/form/fieldset/ol/li[1]/input[1]
For documentation on this error, please visit: https://www.seleniumhq.org/exceptions/no_such_element.html
Build info: version: '3.141.59', revision: 'e82be7d358', time: '2018-11-14T08:17:03'
System info: host: 'IMRAN-PC', ip: '192.168.0.131', os.name: 'Windows 8.1', os.arch: 'amd64', os.version: '6.3', java.version: '1.8.0_45'
Driver info: org.openqa.selenium.firefox.FirefoxDriver
Capabilities {acceptInsecureCerts: true, browserName: firefox, browserVersion: 99.0, javascriptEnabled: true, moz:accessibilityChecks: false, moz:buildID: 20220330194208, moz:geckodriverVersion: 0.27.0, moz:headless: false, moz:processID: 23344, moz:profile: C:\Users\Imran\AppData\Loca..., moz:shutdownTimeout: 60000, moz:useNonSpecCompliantPointerOrigin: false, moz:webdriverClick: true, pageLoadStrategy: normal, platform: WINDOWS, platformName: WINDOWS, platformVersion: 10.0, proxy: Proxy(), setWindowRect: true, strictFileInteractability: false, timeouts: {implicit: 0, pageLoad: 300000, script: 30000}, unhandledPromptBehavior: dismiss and notify}
Session ID: 62ad866f-cd8f-4504-bb99-8214fa07dedf
*** Element info: {Using=xpath, value=/html/body/div[1]/div[3]/div[1]/div[2]/form/fieldset/ol/li[1]/input[1]}
at sun.reflect.NativeConstructorAccessorImpl.newInstance0(Native Method)
at sun.reflect.NativeConstructorAccessorImpl.newInstance(NativeConstructorAccessorImpl.java:62)
at sun.reflect.DelegatingConstructorAccessorImpl.newInstance(DelegatingConstructorAccessorImpl.java:45)
at java.lang.reflect.Constructor.newInstance(Constructor.java:422)
at org.openqa.selenium.remote.http.W3CHttpResponseCodec.createException(W3CHttpResponseCodec.java:187)
at org.openqa.selenium.remote.http.W3CHttpResponseCodec.decode(W3CHttpResponseCodec.java:122)
at org.openqa.selenium.remote.http.W3CHttpResponseCodec.decode(W3CHttpResponseCodec.java:49)
at org.openqa.selenium.remote.HttpCommandExecutor.execute(HttpCommandExecutor.java:158)
at org.openqa.selenium.remote.service.DriverCommandExecutor.execute(DriverCommandExecutor.java:83)
at org.openqa.selenium.remote.RemoteWebDriver.execute(RemoteWebDriver.java:552)
at org.openqa.selenium.remote.RemoteWebDriver.findElement(RemoteWebDriver.java:323)
at org.openqa.selenium.remote.RemoteWebDriver.findElementByXPath(RemoteWebDriver.java:428)
at org.openqa.selenium.By$ByXPath.findElement(By.java:353)
at org.openqa.selenium.remote.RemoteWebDriver.findElement(RemoteWebDriver.java:315)
at com.bitm.SeleniumOnlineProject2.Test.AssignLeaveTest.assignleavetest(AssignLeaveTest.java:36)
at sun.reflect.NativeMethodAccessorImpl.invoke0(Native Method)
at sun.reflect.NativeMethodAccessorImpl.invoke(NativeMethodAccessorImpl.java:62)
at sun.reflect.DelegatingMethodAccessorImpl.invoke(DelegatingMethodAccessorImpl.java:43)
at java.lang.reflect.Method.invoke(Method.java:497)
at org.testng.internal.MethodInvocationHelper.invokeMethod(MethodInvocationHelper.java:132)
at org.testng.internal.TestInvoker.invokeMethod(TestInvoker.java:599)
at org.testng.internal.TestInvoker.invokeTestMethod(TestInvoker.java:174)
at org.testng.internal.MethodRunner.runInSequence(MethodRunner.java:46)
at org.testng.internal.TestInvoker$MethodInvocationAgent.invoke(TestInvoker.java:822)
at org.testng.internal.TestInvoker.invokeTestMethods(TestInvoker.java:147)
at org.testng.internal.TestMethodWorker.invokeTestMethods(TestMethodWorker.java:146)
at org.testng.internal.TestMethodWorker.run(TestMethodWorker.java:128)
at org.testng.TestRunner$$Lambda$54/1800659519.accept(Unknown Source)
at java.util.ArrayList.forEach(ArrayList.java:1249)
at org.testng.TestRunner.privateRun(TestRunner.java:764)
at org.testng.TestRunner.run(TestRunner.java:585)
at org.testng.SuiteRunner.runTest(SuiteRunner.java:384)
at org.testng.SuiteRunner.runSequentially(SuiteRunner.java:378)
at org.testng.SuiteRunner.privateRun(SuiteRunner.java:337)
at org.testng.SuiteRunner.run(SuiteRunner.java:286)
at org.testng.SuiteRunnerWorker.runSuite(SuiteRunnerWorker.java:53)
at org.testng.SuiteRunnerWorker.run(SuiteRunnerWorker.java:96)
at org.testng.TestNG.runSuitesSequentially(TestNG.java:1218)
at org.testng.TestNG.runSuitesLocally(TestNG.java:1140)
at org.testng.TestNG.runSuites(TestNG.java:1069)
at org.testng.TestNG.run(TestNG.java:1037)
at org.testng.remote.AbstractRemoteTestNG.run(AbstractRemoteTestNG.java:115)
at org.testng.remote.RemoteTestNG.initAndRun(RemoteTestNG.java:251)
at org.testng.remote.RemoteTestNG.main(RemoteTestNG.java:77)
]]>
            </full-stacktrace>
          </exception> <!-- org.openqa.selenium.NoSuchElementException -->
          <reporter-output>
          </reporter-output>
        </test-method> <!-- assignleavetest -->
      </class> <!-- com.bitm.SeleniumOnlineProject2.Test.AssignLeaveTest -->
    </test> <!-- AssignLeaveModuleTest -->
  </suite> <!-- SeleniumOnlineProject2 -->
</testng-results>
